TN:
SF:src\DB\user.model.ts
FN:24,(anonymous_1)
FNF:1
FNH:0
FNDA:0,(anonymous_1)
DA:1,1
DA:3,1
DA:25,0
DA:26,0
DA:27,0
DA:33,1
LF:6
LH:3
BRF:0
BRH:0
end_of_record
TN:
SF:src\config\config.ts
FNF:0
FNH:0
DA:1,1
DA:3,1
DA:9,1
DA:10,1
DA:11,1
DA:12,1
LF:6
LH:6
BRF:0
BRH:0
end_of_record
TN:
SF:src\middlewares\user.auth.ts
FN:4,(anonymous_0)
FNF:1
FNH:0
FNDA:0,(anonymous_0)
DA:1,1
DA:4,1
DA:5,0
DA:6,0
DA:7,0
DA:9,0
LF:6
LH:2
BRDA:6,0,0,0
BRF:1
BRH:0
end_of_record
TN:
SF:src\repository\user.repository.ts
FN:6,(anonymous_0)
FN:21,(anonymous_1)
FN:31,(anonymous_2)
FNF:3
FNH:2
FNDA:1,(anonymous_0)
FNDA:1,(anonymous_1)
FNDA:0,(anonymous_2)
DA:2,1
DA:3,1
DA:4,1
DA:6,1
DA:7,1
DA:8,1
DA:9,1
DA:10,0
DA:12,1
DA:13,1
DA:16,0
DA:21,1
DA:22,1
DA:23,1
DA:24,1
DA:26,0
DA:31,1
DA:32,0
DA:34,0
DA:35,0
DA:36,0
DA:38,0
DA:39,0
LF:23
LH:14
BRDA:9,0,0,0
BRF:1
BRH:0
end_of_record
TN:
SF:src\routes\user.routes.ts
FNF:0
FNH:0
DA:1,1
DA:2,1
DA:5,1
DA:6,1
DA:9,1
DA:12,1
DA:17,1
DA:19,1
DA:30,1
LF:9
LH:9
BRF:0
BRH:0
end_of_record
TN:
SF:src\services\user.service.ts
FN:11,(anonymous_0)
FN:53,(anonymous_1)
FNF:2
FNH:2
FNDA:1,(anonymous_0)
FNDA:1,(anonymous_1)
DA:1,1
DA:2,1
DA:11,1
DA:12,1
DA:14,1
DA:16,1
DA:18,1
DA:19,0
DA:21,1
DA:22,1
DA:24,1
DA:32,1
DA:33,1
DA:35,1
DA:42,1
DA:47,0
DA:53,1
DA:54,1
DA:55,1
DA:56,1
DA:58,1
DA:59,1
DA:61,0
DA:62,0
DA:63,0
DA:66,0
DA:67,0
DA:73,0
DA:76,0
LF:29
LH:20
BRDA:18,0,0,0
BRDA:58,1,0,1
BRDA:62,2,0,0
BRF:3
BRH:1
end_of_record
TN:
SF:src\utils\index.ts
FN:15,(anonymous_1)
FN:19,(anonymous_2)
FN:23,(anonymous_3)
FN:27,(anonymous_4)
FN:37,(anonymous_5)
FN:53,(anonymous_6)
FN:68,(anonymous_7)
FNF:7
FNH:3
FNDA:1,(anonymous_1)
FNDA:1,(anonymous_2)
FNDA:0,(anonymous_3)
FNDA:1,(anonymous_4)
FNDA:0,(anonymous_5)
FNDA:0,(anonymous_6)
FNDA:0,(anonymous_7)
DA:1,1
DA:3,1
DA:4,1
DA:13,1
DA:15,1
DA:16,1
DA:19,1
DA:20,1
DA:23,1
DA:24,0
DA:27,1
DA:28,1
DA:29,1
DA:31,0
DA:37,1
DA:38,0
DA:39,0
DA:40,0
DA:41,0
DA:44,0
DA:46,0
DA:53,1
DA:54,0
DA:55,0
DA:56,0
DA:58,0
DA:60,0
DA:61,0
DA:68,1
DA:70,0
DA:71,0
DA:72,0
DA:75,0
DA:76,0
LF:34
LH:15
BRDA:39,0,0,0
BRF:1
BRH:0
end_of_record
